2019-02-18 10:53:33
<xml><ToUserName><![CDATA[gh_466dcb8d3b15]]></ToUserName>
<FromUserName><![CDATA[of3Hp5jx2SlaOQNRsFIbfobRy0BY]]></FromUserName>
<CreateTime>1550487212</CreateTime>
<MsgType><![CDATA[event]]></MsgType>
<Event><![CDATA[subscribe]]></Event>
<EventKey><![CDATA[]]></EventKey>
</xml>
<<<<<<<2019-02-18 11:02:55
<xml><ToUserName><![CDATA[gh_466dcb8d3b15]]></ToUserName>
<FromUserName><![CDATA[of3Hp5jx2SlaOQNRsFIbfobRy0BY]]></FromUserName>
<CreateTime>1550487774</CreateTime>
<MsgType><![CDATA[event]]></MsgType>
<Event><![CDATA[subscribe]]></Event>
<EventKey><![CDATA[]]></EventKey>
</xml>
<<<<<<<2019-02-19 01:52:15
<xml><ToUserName><![CDATA[gh_466dcb8d3b15]]></ToUserName>
<FromUserName><![CDATA[of3Hp5jx2SlaOQNRsFIbfobRy0BY]]></FromUserName>
<CreateTime>1550541135</CreateTime>
<MsgType><![CDATA[event]]></MsgType>
<Event><![CDATA[VIEW]]></Event>
<EventKey><![CDATA[https://www.baidu.com]]></EventKey>
<MenuId>481759979</MenuId>
</xml>
<<<<<<<2019-02-19 01:52:39
<xml><ToUserName><![CDATA[gh_466dcb8d3b15]]></ToUserName>
<FromUserName><![CDATA[of3Hp5iBNCFM0JPfxrvb5ixlVXGA]]></FromUserName>
<CreateTime>1550541158</CreateTime>
<MsgType><![CDATA[event]]></MsgType>
<Event><![CDATA[subscribe]]></Event>
<EventKey><![CDATA[]]></EventKey>
</xml>
<<<<<<<2019-02-19 01:52:50
<xml><ToUserName><![CDATA[gh_466dcb8d3b15]]></ToUserName>
<FromUserName><![CDATA[of3Hp5iBNCFM0JPfxrvb5ixlVXGA]]></FromUserName>
<CreateTime>1550541170</CreateTime>
<MsgType><![CDATA[event]]></MsgType>
<Event><![CDATA[VIEW]]></Event>
<EventKey><![CDATA[https://www.baidu.com]]></EventKey>
<MenuId>481759979</MenuId>
</xml>
<<<<<<<2019-02-19 05:37:22
<xml><ToUserName><![CDATA[gh_466dcb8d3b15]]></ToUserName>
<FromUserName><![CDATA[of3Hp5jx2SlaOQNRsFIbfobRy0BY]]></FromUserName>
<CreateTime>1550554642</CreateTime>
<MsgType><![CDATA[event]]></MsgType>
<Event><![CDATA[subscribe]]></Event>
<EventKey><![CDATA[]]></EventKey>
</xml>
<<<<<<<2019-02-19 05:37:26
<xml><ToUserName><![CDATA[gh_466dcb8d3b15]]></ToUserName>
<FromUserName><![CDATA[of3Hp5jx2SlaOQNRsFIbfobRy0BY]]></FromUserName>
<CreateTime>1550554645</CreateTime>
<MsgType><![CDATA[event]]></MsgType>
<Event><![CDATA[VIEW]]></Event>
<EventKey><![CDATA[https://www.baidu.com]]></EventKey>
<MenuId>481759979</MenuId>
</xml>
<<<<<<<2019-02-19 05:48:40
<xml><ToUserName><![CDATA[gh_466dcb8d3b15]]></ToUserName>
<FromUserName><![CDATA[of3Hp5iBNCFM0JPfxrvb5ixlVXGA]]></FromUserName>
<CreateTime>1550555319</CreateTime>
<MsgType><![CDATA[event]]></MsgType>
<Event><![CDATA[unsubscribe]]></Event>
<EventKey><![CDATA[]]></EventKey>
</xml>
<<<<<<<2019-02-19 06:07:15
<xml><ToUserName><![CDATA[gh_466dcb8d3b15]]></ToUserName>
<FromUserName><![CDATA[of3Hp5jx2SlaOQNRsFIbfobRy0BY]]></FromUserName>
<CreateTime>1550556435</CreateTime>
<MsgType><![CDATA[event]]></MsgType>
<Event><![CDATA[subscribe]]></Event>
<EventKey><![CDATA[]]></EventKey>
</xml>
<<<<<<<2019-02-19 06:11:22
<xml><ToUserName><![CDATA[gh_466dcb8d3b15]]></ToUserName>
<FromUserName><![CDATA[of3Hp5jx2SlaOQNRsFIbfobRy0BY]]></FromUserName>
<CreateTime>1550556682</CreateTime>
<MsgType><![CDATA[event]]></MsgType>
<Event><![CDATA[unsubscribe]]></Event>
<EventKey><![CDATA[]]></EventKey>
</xml>
<<<<<<<2019-02-19 06:11:29
<xml><ToUserName><![CDATA[gh_466dcb8d3b15]]></ToUserName>
<FromUserName><![CDATA[of3Hp5jx2SlaOQNRsFIbfobRy0BY]]></FromUserName>
<CreateTime>1550556689</CreateTime>
<MsgType><![CDATA[event]]></MsgType>
<Event><![CDATA[subscribe]]></Event>
<EventKey><![CDATA[]]></EventKey>
</xml>
<<<<<<<2019-02-19 06:19:13
<xml><ToUserName><![CDATA[gh_466dcb8d3b15]]></ToUserName>
<FromUserName><![CDATA[of3Hp5jx2SlaOQNRsFIbfobRy0BY]]></FromUserName>
<CreateTime>1550557153</CreateTime>
<MsgType><![CDATA[event]]></MsgType>
<Event><![CDATA[unsubscribe]]></Event>
<EventKey><![CDATA[]]></EventKey>
</xml>
<<<<<<<2019-02-19 06:19:23
<xml><ToUserName><![CDATA[gh_466dcb8d3b15]]></ToUserName>
<FromUserName><![CDATA[of3Hp5jx2SlaOQNRsFIbfobRy0BY]]></FromUserName>
<CreateTime>1550557163</CreateTime>
<MsgType><![CDATA[event]]></MsgType>
<Event><![CDATA[subscribe]]></Event>
<EventKey><![CDATA[]]></EventKey>
</xml>
<<<<<<<2019-02-19 06:19:24
<xml><ToUserName><![CDATA[gh_466dcb8d3b15]]></ToUserName>
<FromUserName><![CDATA[of3Hp5jx2SlaOQNRsFIbfobRy0BY]]></FromUserName>
<CreateTime>1550557164</CreateTime>
<MsgType><![CDATA[event]]></MsgType>
<Event><![CDATA[CLICK]]></Event>
<EventKey><![CDATA[time]]></EventKey>
</xml>
<<<<<<<2019-02-19 06:22:35
<xml><ToUserName><![CDATA[gh_466dcb8d3b15]]></ToUserName>
<FromUserName><![CDATA[of3Hp5jx2SlaOQNRsFIbfobRy0BY]]></FromUserName>
<CreateTime>1550557355</CreateTime>
<MsgType><![CDATA[event]]></MsgType>
<Event><![CDATA[unsubscribe]]></Event>
<EventKey><![CDATA[]]></EventKey>
</xml>
<<<<<<<2019-02-19 06:22:43
<xml><ToUserName><![CDATA[gh_466dcb8d3b15]]></ToUserName>
<FromUserName><![CDATA[of3Hp5jx2SlaOQNRsFIbfobRy0BY]]></FromUserName>
<CreateTime>1550557363</CreateTime>
<MsgType><![CDATA[event]]></MsgType>
<Event><![CDATA[subscribe]]></Event>
<EventKey><![CDATA[]]></EventKey>
</xml>
<<<<<<<2019-02-19 06:22:45
<xml><ToUserName><![CDATA[gh_466dcb8d3b15]]></ToUserName>
<FromUserName><![CDATA[of3Hp5jx2SlaOQNRsFIbfobRy0BY]]></FromUserName>
<CreateTime>1550557365</CreateTime>
<MsgType><![CDATA[event]]></MsgType>
<Event><![CDATA[CLICK]]></Event>
<EventKey><![CDATA[time]]></EventKey>
</xml>
<<<<<<<2019-02-19 06:33:56
<xml><ToUserName><![CDATA[gh_466dcb8d3b15]]></ToUserName>
<FromUserName><![CDATA[of3Hp5jx2SlaOQNRsFIbfobRy0BY]]></FromUserName>
<CreateTime>1550558036</CreateTime>
<MsgType><![CDATA[event]]></MsgType>
<Event><![CDATA[CLICK]]></Event>
<EventKey><![CDATA[time]]></EventKey>
</xml>
<<<<<<<2019-02-19 06:40:17
<xml><ToUserName><![CDATA[gh_466dcb8d3b15]]></ToUserName>
<FromUserName><![CDATA[of3Hp5jx2SlaOQNRsFIbfobRy0BY]]></FromUserName>
<CreateTime>1550558417</CreateTime>
<MsgType><![CDATA[event]]></MsgType>
<Event><![CDATA[CLICK]]></Event>
<EventKey><![CDATA[time]]></EventKey>
</xml>
<<<<<<<2019-02-19 06:41:03
<xml><ToUserName><![CDATA[gh_466dcb8d3b15]]></ToUserName>
<FromUserName><![CDATA[of3Hp5jx2SlaOQNRsFIbfobRy0BY]]></FromUserName>
<CreateTime>1550558463</CreateTime>
<MsgType><![CDATA[event]]></MsgType>
<Event><![CDATA[CLICK]]></Event>
<EventKey><![CDATA[time]]></EventKey>
</xml>
<<<<<<<2019-02-19 06:42:04
<xml><ToUserName><![CDATA[gh_466dcb8d3b15]]></ToUserName>
<FromUserName><![CDATA[of3Hp5jx2SlaOQNRsFIbfobRy0BY]]></FromUserName>
<CreateTime>1550558524</CreateTime>
<MsgType><![CDATA[event]]></MsgType>
<Event><![CDATA[CLICK]]></Event>
<EventKey><![CDATA[time]]></EventKey>
</xml>
<<<<<<<2019-02-19 06:42:19
<xml><ToUserName><![CDATA[gh_466dcb8d3b15]]></ToUserName>
<FromUserName><![CDATA[of3Hp5jx2SlaOQNRsFIbfobRy0BY]]></FromUserName>
<CreateTime>1550558539</CreateTime>
<MsgType><![CDATA[event]]></MsgType>
<Event><![CDATA[CLICK]]></Event>
<EventKey><![CDATA[time]]></EventKey>
</xml>
<<<<<<<2019-02-19 06:42:20
<xml><ToUserName><![CDATA[gh_466dcb8d3b15]]></ToUserName>
<FromUserName><![CDATA[of3Hp5jx2SlaOQNRsFIbfobRy0BY]]></FromUserName>
<CreateTime>1550558540</CreateTime>
<MsgType><![CDATA[event]]></MsgType>
<Event><![CDATA[CLICK]]></Event>
<EventKey><![CDATA[time]]></EventKey>
</xml>
<<<<<<<2019-02-19 06:42:20
<xml><ToUserName><![CDATA[gh_466dcb8d3b15]]></ToUserName>
<FromUserName><![CDATA[of3Hp5jx2SlaOQNRsFIbfobRy0BY]]></FromUserName>
<CreateTime>1550558540</CreateTime>
<MsgType><![CDATA[event]]></MsgType>
<Event><![CDATA[CLICK]]></Event>
<EventKey><![CDATA[time]]></EventKey>
</xml>
<<<<<<<2019-02-19 06:42:20
<xml><ToUserName><![CDATA[gh_466dcb8d3b15]]></ToUserName>
<FromUserName><![CDATA[of3Hp5jx2SlaOQNRsFIbfobRy0BY]]></FromUserName>
<CreateTime>1550558540</CreateTime>
<MsgType><![CDATA[event]]></MsgType>
<Event><![CDATA[CLICK]]></Event>
<EventKey><![CDATA[time]]></EventKey>
</xml>
<<<<<<<2019-02-19 06:42:20
<xml><ToUserName><![CDATA[gh_466dcb8d3b15]]></ToUserName>
<FromUserName><![CDATA[of3Hp5jx2SlaOQNRsFIbfobRy0BY]]></FromUserName>
<CreateTime>1550558540</CreateTime>
<MsgType><![CDATA[event]]></MsgType>
<Event><![CDATA[CLICK]]></Event>
<EventKey><![CDATA[time]]></EventKey>
</xml>
<<<<<<<2019-02-19 06:42:20
<xml><ToUserName><![CDATA[gh_466dcb8d3b15]]></ToUserName>
<FromUserName><![CDATA[of3Hp5jx2SlaOQNRsFIbfobRy0BY]]></FromUserName>
<CreateTime>1550558540</CreateTime>
<MsgType><![CDATA[event]]></MsgType>
<Event><![CDATA[CLICK]]></Event>
<EventKey><![CDATA[time]]></EventKey>
</xml>
<<<<<<<2019-02-19 06:42:21
<xml><ToUserName><![CDATA[gh_466dcb8d3b15]]></ToUserName>
<FromUserName><![CDATA[of3Hp5jx2SlaOQNRsFIbfobRy0BY]]></FromUserName>
<CreateTime>1550558540</CreateTime>
<MsgType><![CDATA[event]]></MsgType>
<Event><![CDATA[CLICK]]></Event>
<EventKey><![CDATA[time]]></EventKey>
</xml>
<<<<<<<2019-02-19 06:42:21
<xml><ToUserName><![CDATA[gh_466dcb8d3b15]]></ToUserName>
<FromUserName><![CDATA[of3Hp5jx2SlaOQNRsFIbfobRy0BY]]></FromUserName>
<CreateTime>1550558541</CreateTime>
<MsgType><![CDATA[event]]></MsgType>
<Event><![CDATA[CLICK]]></Event>
<EventKey><![CDATA[time]]></EventKey>
</xml>
<<<<<<<2019-02-19 06:42:21
<xml><ToUserName><![CDATA[gh_466dcb8d3b15]]></ToUserName>
<FromUserName><![CDATA[of3Hp5jx2SlaOQNRsFIbfobRy0BY]]></FromUserName>
<CreateTime>1550558541</CreateTime>
<MsgType><![CDATA[event]]></MsgType>
<Event><![CDATA[CLICK]]></Event>
<EventKey><![CDATA[time]]></EventKey>
</xml>
<<<<<<<2019-02-19 06:42:21
<xml><ToUserName><![CDATA[gh_466dcb8d3b15]]></ToUserName>
<FromUserName><![CDATA[of3Hp5jx2SlaOQNRsFIbfobRy0BY]]></FromUserName>
<CreateTime>1550558541</CreateTime>
<MsgType><![CDATA[event]]></MsgType>
<Event><![CDATA[CLICK]]></Event>
<EventKey><![CDATA[time]]></EventKey>
</xml>
<<<<<<<2019-02-19 06:42:21
<xml><ToUserName><![CDATA[gh_466dcb8d3b15]]></ToUserName>
<FromUserName><![CDATA[of3Hp5jx2SlaOQNRsFIbfobRy0BY]]></FromUserName>
<CreateTime>1550558541</CreateTime>
<MsgType><![CDATA[event]]></MsgType>
<Event><![CDATA[CLICK]]></Event>
<EventKey><![CDATA[time]]></EventKey>
</xml>
<<<<<<<2019-02-19 06:42:21
<xml><ToUserName><![CDATA[gh_466dcb8d3b15]]></ToUserName>
<FromUserName><![CDATA[of3Hp5jx2SlaOQNRsFIbfobRy0BY]]></FromUserName>
<CreateTime>1550558541</CreateTime>
<MsgType><![CDATA[event]]></MsgType>
<Event><![CDATA[CLICK]]></Event>
<EventKey><![CDATA[time]]></EventKey>
</xml>
<<<<<<<2019-02-19 06:42:21
<xml><ToUserName><![CDATA[gh_466dcb8d3b15]]></ToUserName>
<FromUserName><![CDATA[of3Hp5jx2SlaOQNRsFIbfobRy0BY]]></FromUserName>
<CreateTime>1550558541</CreateTime>
<MsgType><![CDATA[event]]></MsgType>
<Event><![CDATA[CLICK]]></Event>
<EventKey><![CDATA[time]]></EventKey>
</xml>
<<<<<<<2019-02-19 06:42:22
<xml><ToUserName><![CDATA[gh_466dcb8d3b15]]></ToUserName>
<FromUserName><![CDATA[of3Hp5jx2SlaOQNRsFIbfobRy0BY]]></FromUserName>
<CreateTime>1550558542</CreateTime>
<MsgType><![CDATA[event]]></MsgType>
<Event><![CDATA[CLICK]]></Event>
<EventKey><![CDATA[time]]></EventKey>
</xml>
<<<<<<<2019-02-19 06:42:22
<xml><ToUserName><![CDATA[gh_466dcb8d3b15]]></ToUserName>
<FromUserName><![CDATA[of3Hp5jx2SlaOQNRsFIbfobRy0BY]]></FromUserName>
<CreateTime>1550558542</CreateTime>
<MsgType><![CDATA[event]]></MsgType>
<Event><![CDATA[CLICK]]></Event>
<EventKey><![CDATA[time]]></EventKey>
</xml>
<<<<<<<2019-02-19 06:42:22
<xml><ToUserName><![CDATA[gh_466dcb8d3b15]]></ToUserName>
<FromUserName><![CDATA[of3Hp5jx2SlaOQNRsFIbfobRy0BY]]></FromUserName>
<CreateTime>1550558542</CreateTime>
<MsgType><![CDATA[event]]></MsgType>
<Event><![CDATA[CLICK]]></Event>
<EventKey><![CDATA[time]]></EventKey>
</xml>
<<<<<<<2019-02-19 06:42:22
<xml><ToUserName><![CDATA[gh_466dcb8d3b15]]></ToUserName>
<FromUserName><![CDATA[of3Hp5jx2SlaOQNRsFIbfobRy0BY]]></FromUserName>
<CreateTime>1550558542</CreateTime>
<MsgType><![CDATA[event]]></MsgType>
<Event><![CDATA[CLICK]]></Event>
<EventKey><![CDATA[time]]></EventKey>
</xml>
<<<<<<<2019-02-19 06:42:22
<xml><ToUserName><![CDATA[gh_466dcb8d3b15]]></ToUserName>
<FromUserName><![CDATA[of3Hp5jx2SlaOQNRsFIbfobRy0BY]]></FromUserName>
<CreateTime>1550558542</CreateTime>
<MsgType><![CDATA[event]]></MsgType>
<Event><![CDATA[CLICK]]></Event>
<EventKey><![CDATA[time]]></EventKey>
</xml>
<<<<<<<2019-02-19 06:42:22
<xml><ToUserName><![CDATA[gh_466dcb8d3b15]]></ToUserName>
<FromUserName><![CDATA[of3Hp5jx2SlaOQNRsFIbfobRy0BY]]></FromUserName>
<CreateTime>1550558542</CreateTime>
<MsgType><![CDATA[event]]></MsgType>
<Event><![CDATA[CLICK]]></Event>
<EventKey><![CDATA[time]]></EventKey>
</xml>
<<<<<<<2019-02-19 06:42:23
<xml><ToUserName><![CDATA[gh_466dcb8d3b15]]></ToUserName>
<FromUserName><![CDATA[of3Hp5jx2SlaOQNRsFIbfobRy0BY]]></FromUserName>
<CreateTime>1550558542</CreateTime>
<MsgType><![CDATA[event]]></MsgType>
<Event><![CDATA[CLICK]]></Event>
<EventKey><![CDATA[time]]></EventKey>
</xml>
<<<<<<<2019-02-19 06:42:23
<xml><ToUserName><![CDATA[gh_466dcb8d3b15]]></ToUserName>
<FromUserName><![CDATA[of3Hp5jx2SlaOQNRsFIbfobRy0BY]]></FromUserName>
<CreateTime>1550558543</CreateTime>
<MsgType><![CDATA[event]]></MsgType>
<Event><![CDATA[CLICK]]></Event>
<EventKey><![CDATA[time]]></EventKey>
</xml>
<<<<<<<2019-02-19 06:42:23
<xml><ToUserName><![CDATA[gh_466dcb8d3b15]]></ToUserName>
<FromUserName><![CDATA[of3Hp5jx2SlaOQNRsFIbfobRy0BY]]></FromUserName>
<CreateTime>1550558543</CreateTime>
<MsgType><![CDATA[event]]></MsgType>
<Event><![CDATA[CLICK]]></Event>
<EventKey><![CDATA[time]]></EventKey>
</xml>
<<<<<<<2019-02-19 06:42:23
<xml><ToUserName><![CDATA[gh_466dcb8d3b15]]></ToUserName>
<FromUserName><![CDATA[of3Hp5jx2SlaOQNRsFIbfobRy0BY]]></FromUserName>
<CreateTime>1550558543</CreateTime>
<MsgType><![CDATA[event]]></MsgType>
<Event><![CDATA[CLICK]]></Event>
<EventKey><![CDATA[time]]></EventKey>
</xml>
<<<<<<<2019-02-19 06:42:23
<xml><ToUserName><![CDATA[gh_466dcb8d3b15]]></ToUserName>
<FromUserName><![CDATA[of3Hp5jx2SlaOQNRsFIbfobRy0BY]]></FromUserName>
<CreateTime>1550558543</CreateTime>
<MsgType><![CDATA[event]]></MsgType>
<Event><![CDATA[CLICK]]></Event>
<EventKey><![CDATA[time]]></EventKey>
</xml>
<<<<<<<2019-02-19 06:42:23
<xml><ToUserName><![CDATA[gh_466dcb8d3b15]]></ToUserName>
<FromUserName><![CDATA[of3Hp5jx2SlaOQNRsFIbfobRy0BY]]></FromUserName>
<CreateTime>1550558543</CreateTime>
<MsgType><![CDATA[event]]></MsgType>
<Event><![CDATA[CLICK]]></Event>
<EventKey><![CDATA[time]]></EventKey>
</xml>
<<<<<<<2019-02-19 06:42:23
<xml><ToUserName><![CDATA[gh_466dcb8d3b15]]></ToUserName>
<FromUserName><![CDATA[of3Hp5jx2SlaOQNRsFIbfobRy0BY]]></FromUserName>
<CreateTime>1550558543</CreateTime>
<MsgType><![CDATA[event]]></MsgType>
<Event><![CDATA[CLICK]]></Event>
<EventKey><![CDATA[time]]></EventKey>
</xml>
<<<<<<<2019-02-19 06:42:24
<xml><ToUserName><![CDATA[gh_466dcb8d3b15]]></ToUserName>
<FromUserName><![CDATA[of3Hp5jx2SlaOQNRsFIbfobRy0BY]]></FromUserName>
<CreateTime>1550558544</CreateTime>
<MsgType><![CDATA[event]]></MsgType>
<Event><![CDATA[CLICK]]></Event>
<EventKey><![CDATA[time]]></EventKey>
</xml>
<<<<<<<2019-02-19 06:42:24
<xml><ToUserName><![CDATA[gh_466dcb8d3b15]]></ToUserName>
<FromUserName><![CDATA[of3Hp5jx2SlaOQNRsFIbfobRy0BY]]></FromUserName>
<CreateTime>1550558544</CreateTime>
<MsgType><![CDATA[event]]></MsgType>
<Event><![CDATA[CLICK]]></Event>
<EventKey><![CDATA[time]]></EventKey>
</xml>
<<<<<<<2019-02-19 06:42:24
<xml><ToUserName><![CDATA[gh_466dcb8d3b15]]></ToUserName>
<FromUserName><![CDATA[of3Hp5jx2SlaOQNRsFIbfobRy0BY]]></FromUserName>
<CreateTime>1550558544</CreateTime>
<MsgType><![CDATA[event]]></MsgType>
<Event><![CDATA[CLICK]]></Event>
<EventKey><![CDATA[time]]></EventKey>
</xml>
<<<<<<<2019-02-19 06:42:26
<xml><ToUserName><![CDATA[gh_466dcb8d3b15]]></ToUserName>
<FromUserName><![CDATA[of3Hp5jx2SlaOQNRsFIbfobRy0BY]]></FromUserName>
<CreateTime>1550558546</CreateTime>
<MsgType><![CDATA[event]]></MsgType>
<Event><![CDATA[CLICK]]></Event>
<EventKey><![CDATA[time]]></EventKey>
</xml>
<<<<<<<2019-02-19 06:42:26
<xml><ToUserName><![CDATA[gh_466dcb8d3b15]]></ToUserName>
<FromUserName><![CDATA[of3Hp5jx2SlaOQNRsFIbfobRy0BY]]></FromUserName>
<CreateTime>1550558546</CreateTime>
<MsgType><![CDATA[event]]></MsgType>
<Event><![CDATA[CLICK]]></Event>
<EventKey><![CDATA[time]]></EventKey>
</xml>
<<<<<<<2019-02-19 06:42:26
<xml><ToUserName><![CDATA[gh_466dcb8d3b15]]></ToUserName>
<FromUserName><![CDATA[of3Hp5jx2SlaOQNRsFIbfobRy0BY]]></FromUserName>
<CreateTime>1550558546</CreateTime>
<MsgType><![CDATA[event]]></MsgType>
<Event><![CDATA[CLICK]]></Event>
<EventKey><![CDATA[time]]></EventKey>
</xml>
<<<<<<<2019-02-19 06:42:26
<xml><ToUserName><![CDATA[gh_466dcb8d3b15]]></ToUserName>
<FromUserName><![CDATA[of3Hp5jx2SlaOQNRsFIbfobRy0BY]]></FromUserName>
<CreateTime>1550558546</CreateTime>
<MsgType><![CDATA[event]]></MsgType>
<Event><![CDATA[CLICK]]></Event>
<EventKey><![CDATA[time]]></EventKey>
</xml>
<<<<<<<2019-02-19 06:42:26
<xml><ToUserName><![CDATA[gh_466dcb8d3b15]]></ToUserName>
<FromUserName><![CDATA[of3Hp5jx2SlaOQNRsFIbfobRy0BY]]></FromUserName>
<CreateTime>1550558546</CreateTime>
<MsgType><![CDATA[event]]></MsgType>
<Event><![CDATA[CLICK]]></Event>
<EventKey><![CDATA[time]]></EventKey>
</xml>
<<<<<<<2019-02-19 06:48:35
<xml><ToUserName><![CDATA[gh_466dcb8d3b15]]></ToUserName>
<FromUserName><![CDATA[of3Hp5jx2SlaOQNRsFIbfobRy0BY]]></FromUserName>
<CreateTime>1550558915</CreateTime>
<MsgType><![CDATA[event]]></MsgType>
<Event><![CDATA[CLICK]]></Event>
<EventKey><![CDATA[time]]></EventKey>
</xml>
<<<<<<<2019-02-19 06:48:45
<xml><ToUserName><![CDATA[gh_466dcb8d3b15]]></ToUserName>
<FromUserName><![CDATA[of3Hp5jx2SlaOQNRsFIbfobRy0BY]]></FromUserName>
<CreateTime>1550558924</CreateTime>
<MsgType><![CDATA[event]]></MsgType>
<Event><![CDATA[CLICK]]></Event>
<EventKey><![CDATA[time]]></EventKey>
</xml>
<<<<<<<2019-02-19 06:56:25
<xml><ToUserName><![CDATA[gh_466dcb8d3b15]]></ToUserName>
<FromUserName><![CDATA[of3Hp5jx2SlaOQNRsFIbfobRy0BY]]></FromUserName>
<CreateTime>1550559385</CreateTime>
<MsgType><![CDATA[event]]></MsgType>
<Event><![CDATA[subscribe]]></Event>
<EventKey><![CDATA[]]></EventKey>
</xml>
<<<<<<<2019-02-19 06:56:27
<xml><ToUserName><![CDATA[gh_466dcb8d3b15]]></ToUserName>
<FromUserName><![CDATA[of3Hp5jx2SlaOQNRsFIbfobRy0BY]]></FromUserName>
<CreateTime>1550559387</CreateTime>
<MsgType><![CDATA[event]]></MsgType>
<Event><![CDATA[CLICK]]></Event>
<EventKey><![CDATA[kefu01]]></EventKey>
</xml>
<<<<<<<2019-02-19 06:57:35
<xml><ToUserName><![CDATA[gh_466dcb8d3b15]]></ToUserName>
<FromUserName><![CDATA[of3Hp5jx2SlaOQNRsFIbfobRy0BY]]></FromUserName>
<CreateTime>1550559455</CreateTime>
<MsgType><![CDATA[event]]></MsgType>
<Event><![CDATA[CLICK]]></Event>
<EventKey><![CDATA[kefu01]]></EventKey>
</xml>
<<<<<<<2019-02-19 06:57:42
<xml><ToUserName><![CDATA[gh_466dcb8d3b15]]></ToUserName>
<FromUserName><![CDATA[of3Hp5jx2SlaOQNRsFIbfobRy0BY]]></FromUserName>
<CreateTime>1550559462</CreateTime>
<MsgType><![CDATA[event]]></MsgType>
<Event><![CDATA[VIEW]]></Event>
<EventKey><![CDATA[https://www.baidu.com]]></EventKey>
<MenuId>481760022</MenuId>
</xml>
<<<<<<<2019-02-19 08:01:41
<xml><ToUserName><![CDATA[gh_466dcb8d3b15]]></ToUserName>
<FromUserName><![CDATA[of3Hp5jx2SlaOQNRsFIbfobRy0BY]]></FromUserName>
<CreateTime>1550563301</CreateTime>
<MsgType><![CDATA[event]]></MsgType>
<Event><![CDATA[unsubscribe]]></Event>
<EventKey><![CDATA[]]></EventKey>
</xml>
<<<<<<<2019-02-19 08:01:48
<xml><ToUserName><![CDATA[gh_466dcb8d3b15]]></ToUserName>
<FromUserName><![CDATA[of3Hp5jx2SlaOQNRsFIbfobRy0BY]]></FromUserName>
<CreateTime>1550563307</CreateTime>
<MsgType><![CDATA[event]]></MsgType>
<Event><![CDATA[subscribe]]></Event>
<EventKey><![CDATA[]]></EventKey>
</xml>
<<<<<<<2019-02-20 01:33:52
<xml><ToUserName><![CDATA[gh_466dcb8d3b15]]></ToUserName>
<FromUserName><![CDATA[of3Hp5jx2SlaOQNRsFIbfobRy0BY]]></FromUserName>
<CreateTime>1550626432</CreateTime>
<MsgType><![CDATA[event]]></MsgType>
<Event><![CDATA[subscribe]]></Event>
<EventKey><![CDATA[]]></EventKey>
</xml>
<<<<<<<2019-02-20 01:34:19
<xml><ToUserName><![CDATA[gh_466dcb8d3b15]]></ToUserName>
<FromUserName><![CDATA[of3Hp5jx2SlaOQNRsFIbfobRy0BY]]></FromUserName>
<CreateTime>1550626459</CreateTime>
<MsgType><![CDATA[event]]></MsgType>
<Event><![CDATA[CLICK]]></Event>
<EventKey><![CDATA[kefu01]]></EventKey>
</xml>
<<<<<<<2019-02-20 01:41:09
<xml><ToUserName><![CDATA[gh_466dcb8d3b15]]></ToUserName>
<FromUserName><![CDATA[of3Hp5jx2SlaOQNRsFIbfobRy0BY]]></FromUserName>
<CreateTime>1550626869</CreateTime>
<MsgType><![CDATA[event]]></MsgType>
<Event><![CDATA[unsubscribe]]></Event>
<EventKey><![CDATA[]]></EventKey>
</xml>
<<<<<<<2019-02-20 01:41:17
<xml><ToUserName><![CDATA[gh_466dcb8d3b15]]></ToUserName>
<FromUserName><![CDATA[of3Hp5jx2SlaOQNRsFIbfobRy0BY]]></FromUserName>
<CreateTime>1550626877</CreateTime>
<MsgType><![CDATA[event]]></MsgType>
<Event><![CDATA[subscribe]]></Event>
<EventKey><![CDATA[]]></EventKey>
</xml>
<<<<<<<2019-02-20 01:41:20
<xml><ToUserName><![CDATA[gh_466dcb8d3b15]]></ToUserName>
<FromUserName><![CDATA[of3Hp5jx2SlaOQNRsFIbfobRy0BY]]></FromUserName>
<CreateTime>1550626880</CreateTime>
<MsgType><![CDATA[event]]></MsgType>
<Event><![CDATA[CLICK]]></Event>
<EventKey><![CDATA[kefu01]]></EventKey>
</xml>
<<<<<<<2019-02-20 01:41:37
<xml><ToUserName><![CDATA[gh_466dcb8d3b15]]></ToUserName>
<FromUserName><![CDATA[of3Hp5jx2SlaOQNRsFIbfobRy0BY]]></FromUserName>
<CreateTime>1550626897</CreateTime>
<MsgType><![CDATA[text]]></MsgType>
<Content><![CDATA[。。]]></Content>
<MsgId>22199641855868253</MsgId>
</xml>
<<<<<<<2019-02-20 01:41:46
<xml><ToUserName><![CDATA[gh_466dcb8d3b15]]></ToUserName>
<FromUserName><![CDATA[of3Hp5jx2SlaOQNRsFIbfobRy0BY]]></FromUserName>
<CreateTime>1550626905</CreateTime>
<MsgType><![CDATA[image]]></MsgType>
<PicUrl><![CDATA[http://mmbiz.qpic.cn/mmbiz_jpg/6VN1HNqJyI2yxIibkWNdVjaicouFT266bzZdXrKZRcKlKJZPEQE1AcVEosJXskytwGj50jfmmj9fnVqCUqNBwlKQ/0]]></PicUrl>
<MsgId>22199638770682060</MsgId>
<MediaId><![CDATA[M4LEdW9jmh8kr_O-C2rHxxVZPCnj7MKLnHry-FnNml6PMFZ0dmEm-wCERbZaVYPB]]></MediaId>
</xml>
<<<<<<<2019-02-20 01:41:47
<xml><ToUserName><![CDATA[gh_466dcb8d3b15]]></ToUserName>
<FromUserName><![CDATA[of3Hp5jx2SlaOQNRsFIbfobRy0BY]]></FromUserName>
<CreateTime>1550626907</CreateTime>
<MsgType><![CDATA[image]]></MsgType>
<PicUrl><![CDATA[http://mmbiz.qpic.cn/mmbiz_jpg/6VN1HNqJyI2yxIibkWNdVjaicouFT266bzZdXrKZRcKlKJZPEQE1AcVEosJXskytwGj50jfmmj9fnVqCUqNBwlKQ/0]]></PicUrl>
<MsgId>22199638770682060</MsgId>
<MediaId><![CDATA[S8bZQE9aJ0i7YA64NZpgl_tZRSgDfkv1JLtahSnZ_ZGra8In2XnvbYF7vOp8HfHB]]></MediaId>
</xml>
<<<<<<<2019-02-20 01:43:17
<xml><ToUserName><![CDATA[gh_466dcb8d3b15]]></ToUserName>
<FromUserName><![CDATA[of3Hp5jx2SlaOQNRsFIbfobRy0BY]]></FromUserName>
<CreateTime>1550626996</CreateTime>
<MsgType><![CDATA[image]]></MsgType>
<PicUrl><![CDATA[http://mmbiz.qpic.cn/mmbiz_jpg/6VN1HNqJyI2yxIibkWNdVjaicouFT266bzZdXrKZRcKlKJZPEQE1AcVEosJXskytwGj50jfmmj9fnVqCUqNBwlKQ/0]]></PicUrl>
<MsgId>22199640564083815</MsgId>
<MediaId><![CDATA[IQaWjDFmiZpiATGOvGfTAy7kgKpbLsozPKrYLf4OFvy0KWOeYnuebKcIU1XMdzOY]]></MediaId>
</xml>
<<<<<<<2019-02-20 01:43:17
<xml><ToUserName><![CDATA[gh_466dcb8d3b15]]></ToUserName>
<FromUserName><![CDATA[of3Hp5jx2SlaOQNRsFIbfobRy0BY]]></FromUserName>
<CreateTime>1550626997</CreateTime>
<MsgType><![CDATA[image]]></MsgType>
<PicUrl><![CDATA[http://mmbiz.qpic.cn/mmbiz_jpg/6VN1HNqJyI2yxIibkWNdVjaicouFT266bzZdXrKZRcKlKJZPEQE1AcVEosJXskytwGj50jfmmj9fnVqCUqNBwlKQ/0]]></PicUrl>
<MsgId>22199640564083815</MsgId>
<MediaId><![CDATA[Ynrz9WB26PrGtHl2pLiHbvqW5NSzkNQ82YC9dT1sTojcK6APF5XOHjN2RkQvhFlq]]></MediaId>
</xml>
<<<<<<<2019-02-20 01:49:05
<xml><ToUserName><![CDATA[gh_466dcb8d3b15]]></ToUserName>
<FromUserName><![CDATA[of3Hp5jx2SlaOQNRsFIbfobRy0BY]]></FromUserName>
<CreateTime>1550627345</CreateTime>
<MsgType><![CDATA[text]]></MsgType>
<Content><![CDATA[/:B-)]]></Content>
<MsgId>22199643483705772</MsgId>
</xml>
<<<<<<<2019-02-20 01:49:15
<xml><ToUserName><![CDATA[gh_466dcb8d3b15]]></ToUserName>
<FromUserName><![CDATA[of3Hp5jx2SlaOQNRsFIbfobRy0BY]]></FromUserName>
<CreateTime>1550627354</CreateTime>
<MsgType><![CDATA[image]]></MsgType>
<PicUrl><![CDATA[http://mmbiz.qpic.cn/mmbiz_jpg/6VN1HNqJyI2yxIibkWNdVjaicouFT266bzZdXrKZRcKlKJZPEQE1AcVEosJXskytwGj50jfmmj9fnVqCUqNBwlKQ/0]]></PicUrl>
<MsgId>22199645152674555</MsgId>
<MediaId><![CDATA[sdAbpCuFWff-ic1ksNxBbZqgQuJZuQbj1rTnePYgP5VOLH2AJdOLMsNbqqr1uZE-]]></MediaId>
</xml>
<<<<<<<2019-02-20 01:58:20
<xml><ToUserName><![CDATA[gh_466dcb8d3b15]]></ToUserName>
<FromUserName><![CDATA[of3Hp5jx2SlaOQNRsFIbfobRy0BY]]></FromUserName>
<CreateTime>1550627900</CreateTime>
<MsgType><![CDATA[image]]></MsgType>
<PicUrl><![CDATA[http://mmbiz.qpic.cn/mmbiz_jpg/6VN1HNqJyI2yxIibkWNdVjaicouFT266bzT5M87Lzv2N97j86ibA02uWF9JYG7S3W3ibmnu6sY7IPSj4YyAwflTzxw/0]]></PicUrl>
<MsgId>22199653909720541</MsgId>
<MediaId><![CDATA[h9e6ZJJcki9mfJ26w3-kuegn6CnjzOG_8UJcLR8mEaTB5FzgL910o2poYsUbf0OL]]></MediaId>
</xml>
<<<<<<<2019-02-20 01:58:45
<xml><ToUserName><![CDATA[gh_466dcb8d3b15]]></ToUserName>
<FromUserName><![CDATA[of3Hp5jx2SlaOQNRsFIbfobRy0BY]]></FromUserName>
<CreateTime>1550627924</CreateTime>
<MsgType><![CDATA[voice]]></MsgType>
<MediaId><![CDATA[LygzJQ9b7RKJNGKax-nbOSb6vEvUSMgddK3kDTd0o_TXbtVV7cGcAhQj9pAr2Qj3]]></MediaId>
<Format><![CDATA[amr]]></Format>
<MsgId>22199653637427949</MsgId>
<Recognition><![CDATA[]]></Recognition>
</xml>
<<<<<<<2019-02-20 01:59:05
<xml><ToUserName><![CDATA[gh_466dcb8d3b15]]></ToUserName>
<FromUserName><![CDATA[of3Hp5jx2SlaOQNRsFIbfobRy0BY]]></FromUserName>
<CreateTime>1550627945</CreateTime>
<MsgType><![CDATA[voice]]></MsgType>
<MediaId><![CDATA[t9TiOX_0veUeBp9aCY-5ULP8VuQftlCUkTwb5KQzy1RvMYUk1i9clp90PT3qGTWV]]></MediaId>
<Format><![CDATA[amr]]></Format>
<MsgId>22199651820132215</MsgId>
<Recognition><![CDATA[]]></Recognition>
</xml>
<<<<<<<2019-02-20 05:43:24
<xml><ToUserName><![CDATA[gh_466dcb8d3b15]]></ToUserName>
<FromUserName><![CDATA[of3Hp5iBNCFM0JPfxrvb5ixlVXGA]]></FromUserName>
<CreateTime>1550641404</CreateTime>
<MsgType><![CDATA[event]]></MsgType>
<Event><![CDATA[subscribe]]></Event>
<EventKey><![CDATA[]]></EventKey>
</xml>
<<<<<<<